<?xml version="1.0" encoding="UTF-8"?>
<!-- Generated by org.testng.reporters.JUnitXMLReporter -->
<testsuite hostname="DESKTOP-GCKSATM" name="TestCategoriaPom" tests="2" failures="1" timestamp="5 Jun 2021 23:50:21 GMT" time="33.568" errors="0">
  <testcase name="testInsertarCategoriaExitosa" time="15.839" classname="pe.visorweb.categoria.CategoriaPomTest"/>
  <testcase name="testInsertarCategoriaDatosVacios" time="10.861" classname="pe.visorweb.categoria.CategoriaPomTest">
    <failure type="java.lang.AssertionError" message="expected [Se guardó de manera correcta la Categoría] but found [Nombre: Error de validación: se necesita un valor.]">
      <![CDATA[java.lang.AssertionError: expected [Se guardó de manera correcta la Categoría] but found [Nombre: Error de validación: se necesita un valor.]
	at pe.visorweb.categoria.CategoriaPomTest.testInsertarCategoriaDatosVacios(CategoriaPomTest.java:70)
... Removed 30 stack frames]]>
    </failure>
  </testcase> <!-- testInsertarCategoriaDatosVacios -->
</testsuite> <!-- TestCategoriaPom -->
